<?xml version="1.0" encoding="UTF-8"?>
<testsuite name="com.employee.services.configuration.ConfigurationApplicationTests" tests="1" skipped="0" failures="0"
           errors="0" timestamp="2018-06-08T10:52:09" hostname="a0999b00a6b1" time="0.067">
    <properties/>
    <testcase name="contextLoads" classname="com.employee.services.configuration.ConfigurationApplicationTests"
              time="0.067"/>
    <system-out><![CDATA[16:22:05.825 [Test worker] DEBUG org.springframework.test.context.junit4.SpringJUnit4ClassRunner - SpringJUnit4ClassRunner constructor called with [class com.employee.services.configuration.ConfigurationApplicationTests]
16:22:05.830 [Test worker] DEBUG org.springframework.test.context.BootstrapUtils - Instantiating CacheAwareContextLoaderDelegate from class [org.springframework.test.context.cache.DefaultCacheAwareContextLoaderDelegate]
16:22:05.837 [Test worker] DEBUG org.springframework.test.context.BootstrapUtils - Instantiating BootstrapContext using constructor [public org.springframework.test.context.support.DefaultBootstrapContext(java.lang.Class,org.springframework.test.context.CacheAwareContextLoaderDelegate)]
16:22:05.854 [Test worker] DEBUG org.springframework.test.context.BootstrapUtils - Instantiating TestContextBootstrapper for test class [com.employee.services.configuration.ConfigurationApplicationTests] from class [org.springframework.boot.test.context.SpringBootTestContextBootstrapper]
16:22:05.864 [Test worker] INFO org.springframework.boot.test.context.SpringBootTestContextBootstrapper - Neither @ContextConfiguration nor @ContextHierarchy found for test class [com.employee.services.configuration.ConfigurationApplicationTests], using SpringBootContextLoader
16:22:05.867 [Test worker] DEBUG org.springframework.test.context.support.AbstractContextLoader - Did not detect default resource location for test class [com.employee.services.configuration.ConfigurationApplicationTests]: class path resource [com/employee/services/configuration/ConfigurationApplicationTests-context.xml] does not exist
16:22:05.867 [Test worker] DEBUG org.springframework.test.context.support.AbstractContextLoader - Did not detect default resource location for test class [com.employee.services.configuration.ConfigurationApplicationTests]: class path resource [com/employee/services/configuration/ConfigurationApplicationTestsContext.groovy] does not exist
16:22:05.867 [Test worker] INFO org.springframework.test.context.support.AbstractContextLoader - Could not detect default resource locations for test class [com.employee.services.configuration.ConfigurationApplicationTests]: no resource found for suffixes {-context.xml, Context.groovy}.
16:22:05.868 [Test worker] INFO org.springframework.test.context.support.AnnotationConfigContextLoaderUtils - Could not detect default configuration classes for test class [com.employee.services.configuration.ConfigurationApplicationTests]: ConfigurationApplicationTests does not declare any static, non-private, non-final, nested classes annotated with @Configuration.
16:22:05.902 [Test worker] DEBUG org.springframework.test.context.support.ActiveProfilesUtils - Could not find an 'annotation declaring class' for annotation type [org.springframework.test.context.ActiveProfiles] and class [com.employee.services.configuration.ConfigurationApplicationTests]
16:22:05.908 [Test worker] DEBUG org.springframework.core.env.StandardEnvironment - Adding PropertySource 'systemProperties' with lowest search precedence
16:22:05.908 [Test worker] DEBUG org.springframework.core.env.StandardEnvironment - Adding PropertySource 'systemEnvironment' with lowest search precedence
16:22:05.909 [Test worker] DEBUG org.springframework.core.env.StandardEnvironment - Initialized StandardEnvironment with PropertySources [MapPropertySource@1137870302 {name='systemProperties', properties={java.runtime.name=Java(TM) SE Runtime Environment, sun.boot.library.path=/Library/Java/JavaVirtualMachines/jdk1.8.0_101.jdk/Contents/Home/jre/lib, java.vm.version=25.101-b13, gopherProxySet=false, java.vm.vendor=Oracle Corporation, java.vendor.url=http://java.oracle.com/, path.separator=:, java.vm.name=Java HotSpot(TM) 64-Bit Server VM, file.encoding.pkg=sun.io, sun.java.launcher=SUN_STANDARD, user.country=US, sun.os.patch.level=unknown, java.vm.specification.name=Java Virtual Machine Specification, user.dir=/Users/z002j8f/IdeaProjects/EmployeeDashboard/configurationServer, java.runtime.version=1.8.0_101-b13, java.awt.graphicsenv=sun.awt.CGraphicsEnvironment, java.endorsed.dirs=/Library/Java/JavaVirtualMachines/jdk1.8.0_101.jdk/Contents/Home/jre/lib/endorsed, os.arch=x86_64, java.io.tmpdir=/var/folders/xy/4db60dn55nj4nkhs05vnjjjjqrjncr/T/, line.separator=
, java.vm.specification.vendor=Oracle Corporation, user.variant=, os.name=Mac OS X, sun.jnu.encoding=UTF-8, java.library.path=/Users/z002j8f/Library/Java/Extensions:/Library/Java/Extensions:/Network/Library/Java/Extensions:/System/Library/Java/Extensions:/usr/lib/java:., java.specification.name=Java Platform API Specification, java.class.version=52.0, org.gradle.native=false, sun.management.compiler=HotSpot 64-Bit Tiered Compilers, os.version=10.12.6, user.home=/Users/z002j8f, user.timezone=Asia/Kolkata, java.awt.printerjob=sun.lwawt.macosx.CPrinterJob, file.encoding=UTF-8, java.specification.version=1.8, java.class.path=/Users/z002j8f/IdeaProjects/EmployeeDashboard/configurationServer/build/classes/java/test:/Users/z002j8f/IdeaProjects/EmployeeDashboard/configurationServer/build/resources/test:/Users/z002j8f/IdeaProjects/EmployeeDashboard/configurationServer/build/classes/java/main:/Users/z002j8f/IdeaProjects/EmployeeDashboard/configurationServer/build/resources/main:/Users/z002j8f/.gradle/caches/modules-2/files-2.1/org.springframework.boot/spring-boot-starter-security/2.0.2.RELEASE/ef280d41ff37acd66d5b411b1de845cc33067102/spring-boot-starter-security-2.0.2.RELEASE.jar:/Users/z002j8f/.gradle/caches/modules-2/files-2.1/org.springframework.cloud/spring-cloud-config-server/2.0.0.RC2/ab7b6731da8d2c19fac5ec263e77cb5f3074e21f/spring-cloud-config-server-2.0.0.RC2.jar:/Users/z002j8f/.gradle/caches/modules-2/files-2.1/org.springframework.boot/spring-boot-starter-web/2.0.2.RELEASE/b6ef0cf4d0a7c6c7e93ff524b84cd1d8f87f67d9/spring-boot-starter-web-2.0.2.RELEASE.jar:/Users/z002j8f/.gradle/caches/modules-2/files-2.1/org.springframework.boot/spring-boot-starter-test/2.0.2.RELEASE/d9e090412f318586e0f277e24740b79b58ef190b/spring-boot-starter-test-2.0.2.RELEASE.jar:/Users/z002j8f/.gradle/caches/modules-2/files-2.1/org.springframework.security/spring-security-test/5.0.5.RELEASE/d620e383128de4426db18016a667891eed89091/spring-security-test-5.0.5.RELEASE.jar:/Users/z002j8f/.gradle/caches/modules-2/files-2.1/org.springframework.boot/spring-boot-starter-json/2.0.2.RELEASE/5edda979838ced5314b8f58a958fe9d6b4b3badd/spring-boot-starter-json-2.0.2.RELEASE.jar:/Users/z002j8f/.gradle/caches/modules-2/files-2.1/org.springframework.boot/spring-boot-starter-actuator/2.0.2.RELEASE/bf24a7e12afcebae667819b616528e9b13574275/spring-boot-starter-actuator-2.0.2.RELEASE.jar:/Users/z002j8f/.gradle/caches/modules-2/files-2.1/org.springframework.boot/spring-boot-starter/2.0.2.RELEASE/1cda94f0dfcf2b065191782a54b84d2abf96391/spring-boot-starter-2.0.2.RELEASE.jar:/Users/z002j8f/.gradle/caches/modules-2/files-2.1/org.springframework.security/spring-security-config/5.0.5.RELEASE/5d360adc638fc5f55e7364f2544a962ae26e0cfd/spring-security-config-5.0.5.RELEASE.jar:/Users/z002j8f/.gradle/caches/modules-2/files-2.1/org.springframework.security/spring-security-web/5.0.5.RELEASE/14b987fee57348c373c5228e23ceb244d872e298/spring-security-web-5.0.5.RELEASE.jar:/Users/z002j8f/.gradle/caches/modules-2/files-2.1/org.springframework/spring-webmvc/5.0.6.RELEASE/1361c5d1cf46665ee01de5dc1ca447c3be174c19/spring-webmvc-5.0.6.RELEASE.jar:/Users/z002j8f/.gradle/caches/modules-2/files-2.1/org.springframework.security/spring-security-core/5.0.5.RELEASE/d8fb6f4bcb03a1b124b4a0a50b574978496ae0ba/spring-security-core-5.0.5.RELEASE.jar:/Users/z002j8f/.gradle/caches/modules-2/files-2.1/org.springframework.boot/spring-boot-test-autoconfigure/2.0.2.RELEASE/4993bdd96a4c02bc5b5703862d99ef4c563f25d0/spring-boot-test-autoconfigure-2.0.2.RELEASE.jar:/Users/z002j8f/.gradle/caches/modules-2/files-2.1/org.springframework.boot/spring-boot-test/2.0.2.RELEASE/fc85812e6543312a3b0ea9fbbdfd4a51183380a3/spring-boot-test-2.0.2.RELEASE.jar:/Users/z002j8f/.gradle/caches/modules-2/files-2.1/org.springframework.cloud/spring-cloud-config-client/2.0.0.RC2/a18284d442fbe01ce88710acff1d66ec3a5c3b86/spring-cloud-config-client-2.0.0.RC2.jar:/Users/z002j8f/.gradle/caches/modules-2/files-2.1/org.springframework.boot/spring-boot-actuator-autoconfigure/2.0.2.RELEASE/5165c5f431baf565bf9b07ce1956b71706fa37d/spring-boot-actuator-autoconfigure-2.0.2.RELEASE.jar:/Users/z002j8f/.gradle/caches/modules-2/files-2.1/org.springframework.boot/spring-boot-autoconfigure/2.0.2.RELEASE/f4b25e753e4955337a138d8b1550236b5efe5b3b/spring-boot-autoconfigure-2.0.2.RELEASE.jar:/Users/z002j8f/.gradle/caches/modules-2/files-2.1/org.springframework.boot/spring-boot-actuator/2.0.2.RELEASE/b849b4a60d01e6a17d563314d67bae4697b6ed04/spring-boot-actuator-2.0.2.RELEASE.jar:/Users/z002j8f/.gradle/caches/modules-2/files-2.1/org.springframework.boot/spring-boot/2.0.2.RELEASE/15012cf02e9f77938244e554f0598535fdd1cb38/spring-boot-2.0.2.RELEASE.jar:/Users/z002j8f/.gradle/caches/modules-2/files-2.1/org.springframework/spring-context/5.0.6.RELEASE/8b73b742ef0ddce04f0f1068f305de240b00ce0d/spring-context-5.0.6.RELEASE.jar:/Users/z002j8f/.gradle/caches/modules-2/files-2.1/org.springframework/spring-aop/5.0.6.RELEASE/74078df698992054c1c1a8f705763a6c7b4b914c/spring-aop-5.0.6.RELEASE.jar:/Users/z002j8f/.gradle/caches/modules-2/files-2.1/org.springframework.boot/spring-boot-starter-tomcat/2.0.2.RELEASE/cedbfb18762e1c220007c768bfc5b773f5b30f8a/spring-boot-starter-tomcat-2.0.2.RELEASE.jar:/Users/z002j8f/.gradle/caches/modules-2/files-2.1/org.hibernate.validator/hibernate-validator/6.0.9.Final/b149e4cce82379f11f6129eb3187ca8ae5404005/hibernate-validator-6.0.9.Final.jar:/Users/z002j8f/.gradle/caches/modules-2/files-2.1/org.springframework/spring-web/5.0.6.RELEASE/89e89de3025165998118590613aedc6df8d64af6/spring-web-5.0.6.RELEASE.jar:/Users/z002j8f/.gradle/caches/modules-2/files-2.1/org.springframework.cloud/spring-cloud-commons/2.0.0.RC2/2bca59a30163c6cc84e6730629b27a54cbc9da54/spring-cloud-commons-2.0.0.RC2.jar:/Users/z002j8f/.gradle/caches/modules-2/files-2.1/org.springframework.cloud/spring-cloud-context/2.0.0.RC2/f6d84a868d3d67cc4426c23f2ab9280d77c7f400/spring-cloud-context-2.0.0.RC2.jar:/Users/z002j8f/.gradle/caches/modules-2/files-2.1/org.springframework.security/spring-security-crypto/5.0.5.RELEASE/23256a0513b1a3c0ede42ae605d6fa25c1241ad/spring-security-crypto-5.0.5.RELEASE.jar:/Users/z002j8f/.gradle/caches/modules-2/files-2.1/org.springframework.security/spring-security-rsa/1.0.5.RELEASE/31bd1111ada2f455eb0f492ed09e39deda18ca99/spring-security-rsa-1.0.5.RELEASE.jar:/Users/z002j8f/.gradle/caches/modules-2/files-2.1/org.eclipse.jgit/org.eclipse.jgit.http.apache/4.11.0.201803080745-r/1fa8ea9c093fd288283dc50107d078d4752ba7fc/org.eclipse.jgit.http.apache-4.11.0.201803080745-r.jar:/Users/z002j8f/.gradle/caches/modules-2/files-2.1/org.eclipse.jgit/org.eclipse.jgit/4.11.0.201803080745-r/4ae44a6157e1bc4c5b373be0c274a8f1d9badd76/org.eclipse.jgit-4.11.0.201803080745-r.jar:/Users/z002j8f/.gradle/caches/modules-2/files-2.1/org.yaml/snakeyaml/1.19/2d998d3d674b172a588e54ab619854d073f555b5/snakeyaml-1.19.jar:/Users/z002j8f/.gradle/caches/modules-2/files-2.1/com.jayway.jsonpath/json-path/2.4.0/765a4401ceb2dc8d40553c2075eb80a8fa35c2ae/json-path-2.4.0.jar:/Users/z002j8f/.gradle/caches/modules-2/files-2.1/junit/junit/4.12/2973d150c0dc1fefe998f834810d68f278ea58ec/junit-4.12.jar:/Users/z002j8f/.gradle/caches/modules-2/files-2.1/org.assertj/assertj-core/3.9.1/c5ce126b15f28d56cd8f960c1a6a058b9c9aea87/assertj-core-3.9.1.jar:/Users/z002j8f/.gradle/caches/modules-2/files-2.1/org.mockito/mockito-core/2.15.0/b84bfbbc29cd22c9529409627af6ea2897f4fa85/mockito-core-2.15.0.jar:/Users/z002j8f/.gradle/caches/modules-2/files-2.1/org.hamcrest/hamcrest-library/1.3/4785a3c21320980282f9f33d0d1264a69040538f/hamcrest-library-1.3.jar:/Users/z002j8f/.gradle/caches/modules-2/files-2.1/org.hamcrest/hamcrest-core/1.3/42a25dc3219429f0e5d060061f71acb49bf010a0/hamcrest-core-1.3.jar:/Users/z002j8f/.gradle/caches/modules-2/files-2.1/org.skyscreamer/jsonassert/1.5.0/6c9d5fe2f59da598d9aefc1cfc6528ff3cf32df3/jsonassert-1.5.0.jar:/Users/z002j8f/.gradle/caches/modules-2/files-2.1/org.springframework/spring-test/5.0.6.RELEASE/dbc99b288774b2e07d94bc14fe38d556bc3ed34a/spring-test-5.0.6.RELEASE.jar:/Users/z002j8f/.gradle/caches/modules-2/files-2.1/org.springframework/spring-beans/5.0.6.RELEASE/d609b83cd8a71650a70778cf8d02c9a05b9161fe/spring-beans-5.0.6.RELEASE.jar:/Users/z002j8f/.gradle/caches/modules-2/files-2.1/org.springframework/spring-expression/5.0.6.RELEASE/dec57ae5e6f0dfd4c6cfc199aa13ed268c3e1a65/spring-expression-5.0.6.RELEASE.jar:/Users/z002j8f/.gradle/caches/modules-2/files-2.1/org.springframework/spring-core/5.0.6.RELEASE/984a52455b1be596b7f1a29f62d21d2f483eb764/spring-core-5.0.6.RELEASE.jar:/Users/z002j8f/.gradle/caches/modules-2/files-2.1/org.xmlunit/xmlunit-core/2.5.1/4ffdb346572a7356f7521cd3119ce5287d2e339d/xmlunit-core-2.5.1.jar:/Users/z002j8f/.gradle/caches/modules-2/files-2.1/org.springframework.boot/spring-boot-starter-logging/2.0.2.RELEASE/b56d7d1931792d6e58dbd41f956912359ba85238/spring-boot-starter-logging-2.0.2.RELEASE.jar:/Users/z002j8f/.gradle/caches/modules-2/files-2.1/javax.annotation/javax.annotation-api/1.3.2/934c04d3cfef185a8008e7bf34331b79730a9d43/javax.annotation-api-1.3.2.jar:/Users/z002j8f/.gradle/caches/modules-2/files-2.1/com.fasterxml.jackson.datatype/jackson-datatype-jdk8/2.9.3/75004a75b8a4d5927211141a679951d39999e6c4/jackson-datatype-jdk8-2.9.3.jar:/Users/z002j8f/.gradle/caches/modules-2/files-2.1/com.fasterxml.jackson.datatype/jackson-datatype-jsr310/2.9.3/7d739db3f7975d082acbbade17986d018dc473c2/jackson-datatype-jsr310-2.9.3.jar:/Users/z002j8f/.gradle/caches/modules-2/files-2.1/com.fasterxml.jackson.module/jackson-module-parameter-names/2.9.3/34c22452e76a4074ef47070c2f5e7a1f0ff95d7/jackson-module-parameter-names-2.9.3.jar:/Users/z002j8f/.gradle/caches/modules-2/files-2.1/com.fasterxml.jackson.core/jackson-databind/2.9.3/193b96ef555b2f2573b576887ba9a93e4bf48e8c/jackson-databind-2.9.3.jar:/Users/z002j8f/.gradle/caches/modules-2/files-2.1/org.apache.tomcat.embed/tomcat-embed-websocket/8.5.31/6564e716b89de5eaa0dd234ae7989576503ddf3/tomcat-embed-websocket-8.5.31.jar:/Users/z002j8f/.gradle/caches/modules-2/files-2.1/org.apache.tomcat.embed/tomcat-embed-core/8.5.31/f5adf7ed8c34aa005b22b6a2dc7b6796e10e9c79/tomcat-embed-core-8.5.31.jar:/Users/z002j8f/.gradle/caches/modules-2/files-2.1/org.apache.tomcat.embed/tomcat-embed-el/8.5.31/3a536e1ac71b82627c3a7408eb38fa0704cb9034/tomcat-embed-el-8.5.31.jar:/Users/z002j8f/.gradle/caches/modules-2/files-2.1/javax.validation/validation-api/2.0.1.Final/cb855558e6271b1b32e716d24cb85c7f583ce09e/validation-api-2.0.1.Final.jar:/Users/z002j8f/.gradle/caches/modules-2/files-2.1/org.jboss.logging/jboss-logging/3.3.2.Final/3789d00e859632e6c6206adc0c71625559e6e3b0/jboss-logging-3.3.2.Final.jar:/Users/z002j8f/.gradle/caches/modules-2/files-2.1/com.fasterxml/classmate/1.3.4/3d5f48f10bbe4eb7bd862f10c0583be2e0053c6/classmate-1.3.4.jar:/Users/z002j8f/.gradle/caches/modules-2/files-2.1/com.fasterxml.jackson.core/jackson-annotations/2.9.0/7c10d545325e3a6e72e06381afe469fd40eb701/jackson-annotations-2.9.0.jar:/Users/z002j8f/.gradle/caches/modules-2/files-2.1/io.micrometer/micrometer-core/1.0.4/469c27eee20e79bdfd31ea93adfe43f95bfa4887/micrometer-core-1.0.4.jar:/Users/z002j8f/.gradle/caches/modules-2/files-2.1/org.bouncycastle/bcpkix-jdk15on/1.56/4648af70268b6fdb24674fb1fd7c1fcc73db1231/bcpkix-jdk15on-1.56.jar:/Users/z002j8f/.gradle/caches/modules-2/files-2.1/com.jcraft/jsch/0.1.54/da3584329a263616e277e15462b387addd1b208d/jsch-0.1.54.jar:/Users/z002j8f/.gradle/caches/modules-2/files-2.1/com.jcraft/jzlib/1.1.1/a1551373315ffc2f96130a0e5704f74e151777ba/jzlib-1.1.1.jar:/Users/z002j8f/.gradle/caches/modules-2/files-2.1/com.googlecode.javaewah/JavaEWAH/1.1.6/94ad16d728b374d65bd897625f3fbb3da223a2b6/JavaEWAH-1.1.6.jar:/Users/z002j8f/.gradle/caches/modules-2/files-2.1/org.apache.httpcomponents/httpclient/4.5.5/1603dfd56ebcd583ccdf337b6c3984ac55d89e58/httpclient-4.5.5.jar:/Users/z002j8f/.gradle/caches/modules-2/files-2.1/ch.qos.logback/logback-classic/1.2.3/7c4f3c474fb2c041d8028740440937705ebb473a/logback-classic-1.2.3.jar:/Users/z002j8f/.gradle/caches/modules-2/files-2.1/org.apache.logging.log4j/log4j-to-slf4j/2.10.0/f7e631ccf49cfc0aefa4a2a728da7d374c05bd3c/log4j-to-slf4j-2.10.0.jar:/Users/z002j8f/.gradle/caches/modules-2/files-2.1/org.slf4j/jul-to-slf4j/1.7.25/af5364cd6679bfffb114f0dec8a157aaa283b76/jul-to-slf4j-1.7.25.jar:/Users/z002j8f/.gradle/caches/modules-2/files-2.1/org.slf4j/slf4j-api/1.7.25/da76ca59f6a57ee3102f8f9bd9cee742973efa8a/slf4j-api-1.7.25.jar:/Users/z002j8f/.gradle/caches/modules-2/files-2.1/org.apache.httpcomponents/httpcore/4.4.9/a86ce739e5a7175b4b234c290a00a5fdb80957a0/httpcore-4.4.9.jar:/Users/z002j8f/.gradle/caches/modules-2/files-2.1/net.minidev/json-smart/2.3/7396407491352ce4fa30de92efb158adb76b5b/json-smart-2.3.jar:/Users/z002j8f/.gradle/caches/modules-2/files-2.1/net.bytebuddy/byte-buddy/1.7.11/f02857a4e2c66ccbe7aaad6100a0a6c461bce9b3/byte-buddy-1.7.11.jar:/Users/z002j8f/.gradle/caches/modules-2/files-2.1/net.bytebuddy/byte-buddy-agent/1.7.11/b425a8933ca07edd03c6dbc8bc3b595fba9780de/byte-buddy-agent-1.7.11.jar:/Users/z002j8f/.gradle/caches/modules-2/files-2.1/org.objenesis/objenesis/2.6/639033469776fd37c08358c6b92a4761feb2af4b/objenesis-2.6.jar:/Users/z002j8f/.gradle/caches/modules-2/files-2.1/com.vaadin.external.google/android-json/0.0.20131108.vaadin1/fa26d351fe62a6a17f5cda1287c1c6110dec413f/android-json-0.0.20131108.vaadin1.jar:/Users/z002j8f/.gradle/caches/modules-2/files-2.1/org.springframework/spring-jcl/5.0.6.RELEASE/295ee4e8657e9c1fd327735c01d5fbce339cc44d/spring-jcl-5.0.6.RELEASE.jar:/Users/z002j8f/.gradle/caches/modules-2/files-2.1/com.fasterxml.jackson.core/jackson-core/2.9.3/ea9b6fc7bc3ccba9777b0827091f9aa1f8580371/jackson-core-2.9.3.jar:/Users/z002j8f/.gradle/caches/modules-2/files-2.1/org.hdrhistogram/HdrHistogram/2.1.10/9e1ac84eed220281841b75e72fb9de5a297fbf04/HdrHistogram-2.1.10.jar:/Users/z002j8f/.gradle/caches/modules-2/files-2.1/org.latencyutils/LatencyUtils/2.0.3/769c0b82cb2421c8256300e907298a9410a2a3d3/LatencyUtils-2.0.3.jar:/Users/z002j8f/.gradle/caches/modules-2/files-2.1/org.bouncycastle/bcprov-jdk15on/1.56/a153c6f9744a3e9dd6feab5e210e1c9861362ec7/bcprov-jdk15on-1.56.jar:/Users/z002j8f/.gradle/caches/modules-2/files-2.1/commons-codec/commons-codec/1.11/3acb4705652e16236558f0f4f2192cc33c3bd189/commons-codec-1.11.jar:/Users/z002j8f/.gradle/caches/modules-2/files-2.1/net.minidev/accessors-smart/1.2/c592b500269bfde36096641b01238a8350f8aa31/accessors-smart-1.2.jar:/Users/z002j8f/.gradle/caches/modules-2/files-2.1/ch.qos.logback/logback-core/1.2.3/864344400c3d4d92dfeb0a305dc87d953677c03c/logback-core-1.2.3.jar:/Users/z002j8f/.gradle/caches/modules-2/files-2.1/org.apache.logging.log4j/log4j-api/2.10.0/fec5797a55b786184a537abd39c3fa1449d752d6/log4j-api-2.10.0.jar:/Users/z002j8f/.gradle/caches/modules-2/files-2.1/org.ow2.asm/asm/5.0.4/da08b8cce7bbf903602a25a3a163ae252435795/asm-5.0.4.jar, user.name=z002j8f, java.vm.specification.version=1.8, sun.java.command=worker.org.gradle.process.internal.worker.GradleWorkerMain 'Gradle Test Executor 8', java.home=/Library/Java/JavaVirtualMachines/jdk1.8.0_101.jdk/Contents/Home/jre, sun.arch.data.model=64, user.language=en, java.specification.vendor=Oracle Corporation, awt.toolkit=sun.lwawt.macosx.LWCToolkit, java.vm.info=mixed mode, java.version=1.8.0_101, java.ext.dirs=/Users/z002j8f/Library/Java/Extensions:/Library/Java/JavaVirtualMachines/jdk1.8.0_101.jdk/Contents/Home/jre/lib/ext:/Library/Java/Extensions:/Network/Library/Java/Extensions:/System/Library/Java/Extensions:/usr/lib/java, sun.boot.class.path=/Library/Java/JavaVirtualMachines/jdk1.8.0_101.jdk/Contents/Home/jre/lib/resources.jar:/Library/Java/JavaVirtualMachines/jdk1.8.0_101.jdk/Contents/Home/jre/lib/rt.jar:/Library/Java/JavaVirtualMachines/jdk1.8.0_101.jdk/Contents/Home/jre/lib/sunrsasign.jar:/Library/Java/JavaVirtualMachines/jdk1.8.0_101.jdk/Contents/Home/jre/lib/jsse.jar:/Library/Java/JavaVirtualMachines/jdk1.8.0_101.jdk/Contents/Home/jre/lib/jce.jar:/Library/Java/JavaVirtualMachines/jdk1.8.0_101.jdk/Contents/Home/jre/lib/charsets.jar:/Library/Java/JavaVirtualMachines/jdk1.8.0_101.jdk/Contents/Home/jre/lib/jfr.jar:/Library/Java/JavaVirtualMachines/jdk1.8.0_101.jdk/Contents/Home/jre/classes, java.vendor=Oracle Corporation, org.gradle.test.worker=8, file.separator=/, java.vendor.url.bug=http://bugreport.sun.com/bugreport/, sun.io.unicode.encoding=UnicodeBig, sun.cpu.endian=little, sun.cpu.isalist=}}, SystemEnvironmentPropertySource@1532875948 {name='systemEnvironment', properties={PATH=/Users/z002j8f/.nvm/versions/node/v4.4.2/bin:/usr/local/bin:/usr/bin:/bin:/usr/sbin:/sbin:/bin:/Library/apache-ant-1.9.7//bin, APP_NAME_26837=Gradle, JAVA_ARCH=x86_64, MANPATH=/Users/z002j8f/.nvm/versions/io.js/v3.3.1/share/man:/usr/local/share/man:/usr/share/man:/Library/Developer/CommandLineTools/usr/share/man, APP_ICON_26837=/Users/z002j8f/IdeaProjects/EmployeeDashboard/configurationServer/media/gradle.icns, TERM=xterm-256color, COMMAND_MODE=unix2003, ANT_HOME=/Library/apache-ant-1.9.7/, JAVA_MAIN_CLASS_26837=org.gradle.wrapper.GradleWrapperMain, LOGNAME=z002j8f, NVM_NODEJS_ORG_MIRROR=https://nodejs.org/dist, PWD=/Users/z002j8f/IdeaProjects/EmployeeDashboard/configurationServer, XPC_SERVICE_NAME=0, NVM_CD_FLAGS=, NVM_DIR=/Users/z002j8f/.nvm, SHELL=/bin/bash, NVM_PATH=/Users/z002j8f/.nvm/versions/io.js/v3.3.1/lib/node, CATALINA_HOME=/usr/local/tomcat/, OLDPWD=/Users/z002j8f/IdeaProjects/EmployeeDashboard/configurationServer, USER=z002j8f, JAVA_MAIN_CLASS_26850=worker.org.gradle.process.internal.worker.GradleWorkerMain, TMPDIR=/var/folders/xy/4db60dn55nj4nkhs05vnjjjjqrjncr/T/, SSH_AUTH_SOCK=/private/tmp/com.apple.launchd.KTmU2wWCy4/Listeners, XPC_FLAGS=0x0, NVM_IOJS_ORG_MIRROR=https://iojs.org/dist, __CF_USER_TEXT_ENCODING=0x6F88D598:0x0:0x0, Apple_PubSub_Socket_Render=/private/tmp/com.apple.launchd.jlTU4C2yze/Render, com.apple.java.jvmTask=CommandLine, LC_CTYPE=en_US.UTF-8, NVM_BIN=/Users/z002j8f/.nvm/versions/io.js/v3.3.1/bin, SHLVL=1, HOME=/Users/z002j8f}}]
16:22:05.922 [Test worker] DEBUG org.springframework.core.io.support.PathMatchingResourcePatternResolver - Resolved classpath location [com/employee/services/configuration/] to resources [URL [file:/Users/z002j8f/IdeaProjects/EmployeeDashboard/configurationServer/build/classes/java/test/com/employee/services/configuration/], URL [file:/Users/z002j8f/IdeaProjects/EmployeeDashboard/configurationServer/build/classes/java/main/com/employee/services/configuration/]]
16:22:05.923 [Test worker] DEBUG org.springframework.core.io.support.PathMatchingResourcePatternResolver - Looking for matching resources in directory tree [/Users/z002j8f/IdeaProjects/EmployeeDashboard/configurationServer/build/classes/java/test/com/employee/services/configuration]
16:22:05.923 [Test worker] DEBUG org.springframework.core.io.support.PathMatchingResourcePatternResolver - Searching directory [/Users/z002j8f/IdeaProjects/EmployeeDashboard/configurationServer/build/classes/java/test/com/employee/services/configuration] for files matching pattern [/Users/z002j8f/IdeaProjects/EmployeeDashboard/configurationServer/build/classes/java/test/com/employee/services/configuration/*.class]
16:22:05.926 [Test worker] DEBUG org.springframework.core.io.support.PathMatchingResourcePatternResolver - Looking for matching resources in directory tree [/Users/z002j8f/IdeaProjects/EmployeeDashboard/configurationServer/build/classes/java/main/com/employee/services/configuration]
16:22:05.926 [Test worker] DEBUG org.springframework.core.io.support.PathMatchingResourcePatternResolver - Searching directory [/Users/z002j8f/IdeaProjects/EmployeeDashboard/configurationServer/build/classes/java/main/com/employee/services/configuration] for files matching pattern [/Users/z002j8f/IdeaProjects/EmployeeDashboard/configurationServer/build/classes/java/main/com/employee/services/configuration/*.class]
16:22:05.927 [Test worker] DEBUG org.springframework.core.io.support.PathMatchingResourcePatternResolver - Resolved location pattern [classpath*:com/employee/services/configuration/*.class] to resources [file [/Users/z002j8f/IdeaProjects/EmployeeDashboard/configurationServer/build/classes/java/test/com/employee/services/configuration/ConfigurationApplicationTests.class], file [/Users/z002j8f/IdeaProjects/EmployeeDashboard/configurationServer/build/classes/java/main/com/employee/services/configuration/ConfigurationApplication.class]]
16:22:05.972 [Test worker] DEBUG org.springframework.context.annotation.ClassPathScanningCandidateComponentProvider - Identified candidate component class: file [/Users/z002j8f/IdeaProjects/EmployeeDashboard/configurationServer/build/classes/java/main/com/employee/services/configuration/ConfigurationApplication.class]
16:22:05.973 [Test worker] INFO org.springframework.boot.test.context.SpringBootTestContextBootstrapper - Found @SpringBootConfiguration com.employee.services.configuration.ConfigurationApplication for test class com.employee.services.configuration.ConfigurationApplicationTests
16:22:06.086 [Test worker] DEBUG org.springframework.boot.test.context.SpringBootTestContextBootstrapper - @TestExecutionListeners is not present for class [com.employee.services.configuration.ConfigurationApplicationTests]: using defaults.
16:22:06.087 [Test worker] INFO org.springframework.boot.test.context.SpringBootTestContextBootstrapper - Loaded default TestExecutionListener class names from location [META-INF/spring.factories]: [org.springframework.security.test.context.support.WithSecurityContextTestExecutionListener, org.springframework.security.test.context.support.ReactorContextTestExecutionListener, org.springframework.boot.test.autoconfigure.restdocs.RestDocsTestExecutionListener, org.springframework.boot.test.autoconfigure.web.client.MockRestServiceServerResetTestExecutionListener, org.springframework.boot.test.autoconfigure.web.servlet.MockMvcPrintOnlyOnFailureTestExecutionListener, org.springframework.boot.test.autoconfigure.web.servlet.WebDriverTestExecutionListener, org.springframework.boot.test.mock.mockito.MockitoTestExecutionListener, org.springframework.boot.test.mock.mockito.ResetMocksTestExecutionListener, org.springframework.test.context.web.ServletTestExecutionListener, org.springframework.test.context.support.DirtiesContextBeforeModesTestExecutionListener, org.springframework.test.context.support.DependencyInjectionTestExecutionListener, org.springframework.test.context.support.DirtiesContextTestExecutionListener, org.springframework.test.context.transaction.TransactionalTestExecutionListener, org.springframework.test.context.jdbc.SqlScriptsTestExecutionListener]
16:22:06.098 [Test worker] DEBUG org.springframework.boot.test.context.SpringBootTestContextBootstrapper - Skipping candidate TestExecutionListener [org.springframework.test.context.transaction.TransactionalTestExecutionListener] due to a missing dependency. Specify custom listener classes or make the default listener classes and their required dependencies available. Offending class: [org/springframework/transaction/interceptor/TransactionAttributeSource]
16:22:06.098 [Test worker] DEBUG org.springframework.boot.test.context.SpringBootTestContextBootstrapper - Skipping candidate TestExecutionListener [org.springframework.test.context.jdbc.SqlScriptsTestExecutionListener] due to a missing dependency. Specify custom listener classes or make the default listener classes and their required dependencies available. Offending class: [org/springframework/transaction/interceptor/TransactionAttribute]
16:22:06.099 [Test worker] INFO org.springframework.boot.test.context.SpringBootTestContextBootstrapper - Using TestExecutionListeners: [org.springframework.test.context.web.ServletTestExecutionListener@21fe3ea9, org.springframework.test.context.support.DirtiesContextBeforeModesTestExecutionListener@27f91b23, org.springframework.boot.test.mock.mockito.MockitoTestExecutionListener@5424fc66, org.springframework.boot.test.autoconfigure.SpringBootDependencyInjectionTestExecutionListener@45d0e153, org.springframework.test.context.support.DirtiesContextTestExecutionListener@158b9436, org.springframework.security.test.context.support.WithSecurityContextTestExecutionListener@7a44b5a7, org.springframework.security.test.context.support.ReactorContextTestExecutionListener@9f0a145, org.springframework.boot.test.autoconfigure.restdocs.RestDocsTestExecutionListener@4be81351, org.springframework.boot.test.autoconfigure.web.client.MockRestServiceServerResetTestExecutionListener@28b143e, org.springframework.boot.test.autoconfigure.web.servlet.MockMvcPrintOnlyOnFailureTestExecutionListener@5dbd7045, org.springframework.boot.test.autoconfigure.web.servlet.WebDriverTestExecutionListener@514b183e, org.springframework.boot.test.mock.mockito.ResetMocksTestExecutionListener@5a32ebdd]
16:22:06.100 [Test worker] DEBUG org.springframework.test.annotation.ProfileValueUtils - Retrieved @ProfileValueSourceConfiguration [null] for test class [com.employee.services.configuration.ConfigurationApplicationTests]
16:22:06.101 [Test worker] DEBUG org.springframework.test.annotation.ProfileValueUtils - Retrieved ProfileValueSource type [class org.springframework.test.annotation.SystemProfileValueSource] for class [com.employee.services.configuration.ConfigurationApplicationTests]
16:22:06.101 [Test worker] DEBUG org.springframework.test.annotation.ProfileValueUtils - Retrieved @ProfileValueSourceConfiguration [null] for test class [com.employee.services.configuration.ConfigurationApplicationTests]
16:22:06.101 [Test worker] DEBUG org.springframework.test.annotation.ProfileValueUtils - Retrieved ProfileValueSource type [class org.springframework.test.annotation.SystemProfileValueSource] for class [com.employee.services.configuration.ConfigurationApplicationTests]
16:22:06.105 [Test worker] DEBUG org.springframework.test.context.support.AbstractDirtiesContextTestExecutionListener - Before test class: context [DefaultTestContext@b280e18 testClass = ConfigurationApplicationTests, testInstance = [null], testMethod = [null], testException = [null], mergedContextConfiguration = [WebMergedContextConfiguration@6f981977 testClass = ConfigurationApplicationTests, locations = '{}', classes = '{class com.employee.services.configuration.ConfigurationApplication}', contextInitializerClasses = '[]', activeProfiles = '{}', propertySourceLocations = '{}', propertySourceProperties = '{org.springframework.boot.test.context.SpringBootTestContextBootstrapper=true}', contextCustomizers = set[org.springframework.boot.test.autoconfigure.properties.PropertyMappingContextCustomizer@0, org.springframework.boot.test.autoconfigure.web.servlet.WebDriverContextCustomizerFactory$Customizer@70a1a609, org.springframework.boot.test.context.filter.ExcludeFilterContextCustomizer@1986279e, org.springframework.boot.test.json.DuplicateJsonObjectContextCustomizerFactory$DuplicateJsonObjectContextCustomizer@67dd7dd4, org.springframework.boot.test.mock.mockito.MockitoContextCustomizer@0, org.springframework.boot.test.web.client.TestRestTemplateContextCustomizer@f75ed0e], resourceBasePath = 'src/main/webapp', contextLoader = 'org.springframework.boot.test.context.SpringBootContextLoader', parent = [null]], attributes = map['org.springframework.test.context.web.ServletTestExecutionListener.activateListener' -> true]], class annotated with @DirtiesContext [false] with mode [null].
16:22:06.105 [Test worker] DEBUG org.springframework.test.annotation.ProfileValueUtils - Retrieved @ProfileValueSourceConfiguration [null] for test class [com.employee.services.configuration.ConfigurationApplicationTests]
16:22:06.105 [Test worker] DEBUG org.springframework.test.annotation.ProfileValueUtils - Retrieved ProfileValueSource type [class org.springframework.test.annotation.SystemProfileValueSource] for class [com.employee.services.configuration.ConfigurationApplicationTests]
16:22:06.122 [Test worker] DEBUG org.springframework.core.env.StandardEnvironment - Adding PropertySource 'systemProperties' with lowest search precedence
16:22:06.122 [Test worker] DEBUG org.springframework.core.env.StandardEnvironment - Adding PropertySource 'systemEnvironment' with lowest search precedence
16:22:06.122 [Test worker] DEBUG org.springframework.core.env.StandardEnvironment - Initialized StandardEnvironment with PropertySources [MapPropertySource@890936333 {name='systemProperties', properties={java.runtime.name=Java(TM) SE Runtime Environment, sun.boot.library.path=/Library/Java/JavaVirtualMachines/jdk1.8.0_101.jdk/Contents/Home/jre/lib, java.vm.version=25.101-b13, gopherProxySet=false, java.vm.vendor=Oracle Corporation, java.vendor.url=http://java.oracle.com/, path.separator=:, java.vm.name=Java HotSpot(TM) 64-Bit Server VM, file.encoding.pkg=sun.io, sun.java.launcher=SUN_STANDARD, user.country=US, sun.os.patch.level=unknown, java.vm.specification.name=Java Virtual Machine Specification, user.dir=/Users/z002j8f/IdeaProjects/EmployeeDashboard/configurationServer, java.runtime.version=1.8.0_101-b13, java.awt.graphicsenv=sun.awt.CGraphicsEnvironment, java.endorsed.dirs=/Library/Java/JavaVirtualMachines/jdk1.8.0_101.jdk/Contents/Home/jre/lib/endorsed, os.arch=x86_64, java.io.tmpdir=/var/folders/xy/4db60dn55nj4nkhs05vnjjjjqrjncr/T/, line.separator=
, java.vm.specification.vendor=Oracle Corporation, user.variant=, os.name=Mac OS X, sun.jnu.encoding=UTF-8, java.library.path=/Users/z002j8f/Library/Java/Extensions:/Library/Java/Extensions:/Network/Library/Java/Extensions:/System/Library/Java/Extensions:/usr/lib/java:., java.specification.name=Java Platform API Specification, java.class.version=52.0, org.gradle.native=false, sun.management.compiler=HotSpot 64-Bit Tiered Compilers, os.version=10.12.6, user.home=/Users/z002j8f, user.timezone=Asia/Kolkata, java.awt.printerjob=sun.lwawt.macosx.CPrinterJob, file.encoding=UTF-8, java.specification.version=1.8, java.class.path=/Users/z002j8f/IdeaProjects/EmployeeDashboard/configurationServer/build/classes/java/test:/Users/z002j8f/IdeaProjects/EmployeeDashboard/configurationServer/build/resources/test:/Users/z002j8f/IdeaProjects/EmployeeDashboard/configurationServer/build/classes/java/main:/Users/z002j8f/IdeaProjects/EmployeeDashboard/configurationServer/build/resources/main:/Users/z002j8f/.gradle/caches/modules-2/files-2.1/org.springframework.boot/spring-boot-starter-security/2.0.2.RELEASE/ef280d41ff37acd66d5b411b1de845cc33067102/spring-boot-starter-security-2.0.2.RELEASE.jar:/Users/z002j8f/.gradle/caches/modules-2/files-2.1/org.springframework.cloud/spring-cloud-config-server/2.0.0.RC2/ab7b6731da8d2c19fac5ec263e77cb5f3074e21f/spring-cloud-config-server-2.0.0.RC2.jar:/Users/z002j8f/.gradle/caches/modules-2/files-2.1/org.springframework.boot/spring-boot-starter-web/2.0.2.RELEASE/b6ef0cf4d0a7c6c7e93ff524b84cd1d8f87f67d9/spring-boot-starter-web-2.0.2.RELEASE.jar:/Users/z002j8f/.gradle/caches/modules-2/files-2.1/org.springframework.boot/spring-boot-starter-test/2.0.2.RELEASE/d9e090412f318586e0f277e24740b79b58ef190b/spring-boot-starter-test-2.0.2.RELEASE.jar:/Users/z002j8f/.gradle/caches/modules-2/files-2.1/org.springframework.security/spring-security-test/5.0.5.RELEASE/d620e383128de4426db18016a667891eed89091/spring-security-test-5.0.5.RELEASE.jar:/Users/z002j8f/.gradle/caches/modules-2/files-2.1/org.springframework.boot/spring-boot-starter-json/2.0.2.RELEASE/5edda979838ced5314b8f58a958fe9d6b4b3badd/spring-boot-starter-json-2.0.2.RELEASE.jar:/Users/z002j8f/.gradle/caches/modules-2/files-2.1/org.springframework.boot/spring-boot-starter-actuator/2.0.2.RELEASE/bf24a7e12afcebae667819b616528e9b13574275/spring-boot-starter-actuator-2.0.2.RELEASE.jar:/Users/z002j8f/.gradle/caches/modules-2/files-2.1/org.springframework.boot/spring-boot-starter/2.0.2.RELEASE/1cda94f0dfcf2b065191782a54b84d2abf96391/spring-boot-starter-2.0.2.RELEASE.jar:/Users/z002j8f/.gradle/caches/modules-2/files-2.1/org.springframework.security/spring-security-config/5.0.5.RELEASE/5d360adc638fc5f55e7364f2544a962ae26e0cfd/spring-security-config-5.0.5.RELEASE.jar:/Users/z002j8f/.gradle/caches/modules-2/files-2.1/org.springframework.security/spring-security-web/5.0.5.RELEASE/14b987fee57348c373c5228e23ceb244d872e298/spring-security-web-5.0.5.RELEASE.jar:/Users/z002j8f/.gradle/caches/modules-2/files-2.1/org.springframework/spring-webmvc/5.0.6.RELEASE/1361c5d1cf46665ee01de5dc1ca447c3be174c19/spring-webmvc-5.0.6.RELEASE.jar:/Users/z002j8f/.gradle/caches/modules-2/files-2.1/org.springframework.security/spring-security-core/5.0.5.RELEASE/d8fb6f4bcb03a1b124b4a0a50b574978496ae0ba/spring-security-core-5.0.5.RELEASE.jar:/Users/z002j8f/.gradle/caches/modules-2/files-2.1/org.springframework.boot/spring-boot-test-autoconfigure/2.0.2.RELEASE/4993bdd96a4c02bc5b5703862d99ef4c563f25d0/spring-boot-test-autoconfigure-2.0.2.RELEASE.jar:/Users/z002j8f/.gradle/caches/modules-2/files-2.1/org.springframework.boot/spring-boot-test/2.0.2.RELEASE/fc85812e6543312a3b0ea9fbbdfd4a51183380a3/spring-boot-test-2.0.2.RELEASE.jar:/Users/z002j8f/.gradle/caches/modules-2/files-2.1/org.springframework.cloud/spring-cloud-config-client/2.0.0.RC2/a18284d442fbe01ce88710acff1d66ec3a5c3b86/spring-cloud-config-client-2.0.0.RC2.jar:/Users/z002j8f/.gradle/caches/modules-2/files-2.1/org.springframework.boot/spring-boot-actuator-autoconfigure/2.0.2.RELEASE/5165c5f431baf565bf9b07ce1956b71706fa37d/spring-boot-actuator-autoconfigure-2.0.2.RELEASE.jar:/Users/z002j8f/.gradle/caches/modules-2/files-2.1/org.springframework.boot/spring-boot-autoconfigure/2.0.2.RELEASE/f4b25e753e4955337a138d8b1550236b5efe5b3b/spring-boot-autoconfigure-2.0.2.RELEASE.jar:/Users/z002j8f/.gradle/caches/modules-2/files-2.1/org.springframework.boot/spring-boot-actuator/2.0.2.RELEASE/b849b4a60d01e6a17d563314d67bae4697b6ed04/spring-boot-actuator-2.0.2.RELEASE.jar:/Users/z002j8f/.gradle/caches/modules-2/files-2.1/org.springframework.boot/spring-boot/2.0.2.RELEASE/15012cf02e9f77938244e554f0598535fdd1cb38/spring-boot-2.0.2.RELEASE.jar:/Users/z002j8f/.gradle/caches/modules-2/files-2.1/org.springframework/spring-context/5.0.6.RELEASE/8b73b742ef0ddce04f0f1068f305de240b00ce0d/spring-context-5.0.6.RELEASE.jar:/Users/z002j8f/.gradle/caches/modules-2/files-2.1/org.springframework/spring-aop/5.0.6.RELEASE/74078df698992054c1c1a8f705763a6c7b4b914c/spring-aop-5.0.6.RELEASE.jar:/Users/z002j8f/.gradle/caches/modules-2/files-2.1/org.springframework.boot/spring-boot-starter-tomcat/2.0.2.RELEASE/cedbfb18762e1c220007c768bfc5b773f5b30f8a/spring-boot-starter-tomcat-2.0.2.RELEASE.jar:/Users/z002j8f/.gradle/caches/modules-2/files-2.1/org.hibernate.validator/hibernate-validator/6.0.9.Final/b149e4cce82379f11f6129eb3187ca8ae5404005/hibernate-validator-6.0.9.Final.jar:/Users/z002j8f/.gradle/caches/modules-2/files-2.1/org.springframework/spring-web/5.0.6.RELEASE/89e89de3025165998118590613aedc6df8d64af6/spring-web-5.0.6.RELEASE.jar:/Users/z002j8f/.gradle/caches/modules-2/files-2.1/org.springframework.cloud/spring-cloud-commons/2.0.0.RC2/2bca59a30163c6cc84e6730629b27a54cbc9da54/spring-cloud-commons-2.0.0.RC2.jar:/Users/z002j8f/.gradle/caches/modules-2/files-2.1/org.springframework.cloud/spring-cloud-context/2.0.0.RC2/f6d84a868d3d67cc4426c23f2ab9280d77c7f400/spring-cloud-context-2.0.0.RC2.jar:/Users/z002j8f/.gradle/caches/modules-2/files-2.1/org.springframework.security/spring-security-crypto/5.0.5.RELEASE/23256a0513b1a3c0ede42ae605d6fa25c1241ad/spring-security-crypto-5.0.5.RELEASE.jar:/Users/z002j8f/.gradle/caches/modules-2/files-2.1/org.springframework.security/spring-security-rsa/1.0.5.RELEASE/31bd1111ada2f455eb0f492ed09e39deda18ca99/spring-security-rsa-1.0.5.RELEASE.jar:/Users/z002j8f/.gradle/caches/modules-2/files-2.1/org.eclipse.jgit/org.eclipse.jgit.http.apache/4.11.0.201803080745-r/1fa8ea9c093fd288283dc50107d078d4752ba7fc/org.eclipse.jgit.http.apache-4.11.0.201803080745-r.jar:/Users/z002j8f/.gradle/caches/modules-2/files-2.1/org.eclipse.jgit/org.eclipse.jgit/4.11.0.201803080745-r/4ae44a6157e1bc4c5b373be0c274a8f1d9badd76/org.eclipse.jgit-4.11.0.201803080745-r.jar:/Users/z002j8f/.gradle/caches/modules-2/files-2.1/org.yaml/snakeyaml/1.19/2d998d3d674b172a588e54ab619854d073f555b5/snakeyaml-1.19.jar:/Users/z002j8f/.gradle/caches/modules-2/files-2.1/com.jayway.jsonpath/json-path/2.4.0/765a4401ceb2dc8d40553c2075eb80a8fa35c2ae/json-path-2.4.0.jar:/Users/z002j8f/.gradle/caches/modules-2/files-2.1/junit/junit/4.12/2973d150c0dc1fefe998f834810d68f278ea58ec/junit-4.12.jar:/Users/z002j8f/.gradle/caches/modules-2/files-2.1/org.assertj/assertj-core/3.9.1/c5ce126b15f28d56cd8f960c1a6a058b9c9aea87/assertj-core-3.9.1.jar:/Users/z002j8f/.gradle/caches/modules-2/files-2.1/org.mockito/mockito-core/2.15.0/b84bfbbc29cd22c9529409627af6ea2897f4fa85/mockito-core-2.15.0.jar:/Users/z002j8f/.gradle/caches/modules-2/files-2.1/org.hamcrest/hamcrest-library/1.3/4785a3c21320980282f9f33d0d1264a69040538f/hamcrest-library-1.3.jar:/Users/z002j8f/.gradle/caches/modules-2/files-2.1/org.hamcrest/hamcrest-core/1.3/42a25dc3219429f0e5d060061f71acb49bf010a0/hamcrest-core-1.3.jar:/Users/z002j8f/.gradle/caches/modules-2/files-2.1/org.skyscreamer/jsonassert/1.5.0/6c9d5fe2f59da598d9aefc1cfc6528ff3cf32df3/jsonassert-1.5.0.jar:/Users/z002j8f/.gradle/caches/modules-2/files-2.1/org.springframework/spring-test/5.0.6.RELEASE/dbc99b288774b2e07d94bc14fe38d556bc3ed34a/spring-test-5.0.6.RELEASE.jar:/Users/z002j8f/.gradle/caches/modules-2/files-2.1/org.springframework/spring-beans/5.0.6.RELEASE/d609b83cd8a71650a70778cf8d02c9a05b9161fe/spring-beans-5.0.6.RELEASE.jar:/Users/z002j8f/.gradle/caches/modules-2/files-2.1/org.springframework/spring-expression/5.0.6.RELEASE/dec57ae5e6f0dfd4c6cfc199aa13ed268c3e1a65/spring-expression-5.0.6.RELEASE.jar:/Users/z002j8f/.gradle/caches/modules-2/files-2.1/org.springframework/spring-core/5.0.6.RELEASE/984a52455b1be596b7f1a29f62d21d2f483eb764/spring-core-5.0.6.RELEASE.jar:/Users/z002j8f/.gradle/caches/modules-2/files-2.1/org.xmlunit/xmlunit-core/2.5.1/4ffdb346572a7356f7521cd3119ce5287d2e339d/xmlunit-core-2.5.1.jar:/Users/z002j8f/.gradle/caches/modules-2/files-2.1/org.springframework.boot/spring-boot-starter-logging/2.0.2.RELEASE/b56d7d1931792d6e58dbd41f956912359ba85238/spring-boot-starter-logging-2.0.2.RELEASE.jar:/Users/z002j8f/.gradle/caches/modules-2/files-2.1/javax.annotation/javax.annotation-api/1.3.2/934c04d3cfef185a8008e7bf34331b79730a9d43/javax.annotation-api-1.3.2.jar:/Users/z002j8f/.gradle/caches/modules-2/files-2.1/com.fasterxml.jackson.datatype/jackson-datatype-jdk8/2.9.3/75004a75b8a4d5927211141a679951d39999e6c4/jackson-datatype-jdk8-2.9.3.jar:/Users/z002j8f/.gradle/caches/modules-2/files-2.1/com.fasterxml.jackson.datatype/jackson-datatype-jsr310/2.9.3/7d739db3f7975d082acbbade17986d018dc473c2/jackson-datatype-jsr310-2.9.3.jar:/Users/z002j8f/.gradle/caches/modules-2/files-2.1/com.fasterxml.jackson.module/jackson-module-parameter-names/2.9.3/34c22452e76a4074ef47070c2f5e7a1f0ff95d7/jackson-module-parameter-names-2.9.3.jar:/Users/z002j8f/.gradle/caches/modules-2/files-2.1/com.fasterxml.jackson.core/jackson-databind/2.9.3/193b96ef555b2f2573b576887ba9a93e4bf48e8c/jackson-databind-2.9.3.jar:/Users/z002j8f/.gradle/caches/modules-2/files-2.1/org.apache.tomcat.embed/tomcat-embed-websocket/8.5.31/6564e716b89de5eaa0dd234ae7989576503ddf3/tomcat-embed-websocket-8.5.31.jar:/Users/z002j8f/.gradle/caches/modules-2/files-2.1/org.apache.tomcat.embed/tomcat-embed-core/8.5.31/f5adf7ed8c34aa005b22b6a2dc7b6796e10e9c79/tomcat-embed-core-8.5.31.jar:/Users/z002j8f/.gradle/caches/modules-2/files-2.1/org.apache.tomcat.embed/tomcat-embed-el/8.5.31/3a536e1ac71b82627c3a7408eb38fa0704cb9034/tomcat-embed-el-8.5.31.jar:/Users/z002j8f/.gradle/caches/modules-2/files-2.1/javax.validation/validation-api/2.0.1.Final/cb855558e6271b1b32e716d24cb85c7f583ce09e/validation-api-2.0.1.Final.jar:/Users/z002j8f/.gradle/caches/modules-2/files-2.1/org.jboss.logging/jboss-logging/3.3.2.Final/3789d00e859632e6c6206adc0c71625559e6e3b0/jboss-logging-3.3.2.Final.jar:/Users/z002j8f/.gradle/caches/modules-2/files-2.1/com.fasterxml/classmate/1.3.4/3d5f48f10bbe4eb7bd862f10c0583be2e0053c6/classmate-1.3.4.jar:/Users/z002j8f/.gradle/caches/modules-2/files-2.1/com.fasterxml.jackson.core/jackson-annotations/2.9.0/7c10d545325e3a6e72e06381afe469fd40eb701/jackson-annotations-2.9.0.jar:/Users/z002j8f/.gradle/caches/modules-2/files-2.1/io.micrometer/micrometer-core/1.0.4/469c27eee20e79bdfd31ea93adfe43f95bfa4887/micrometer-core-1.0.4.jar:/Users/z002j8f/.gradle/caches/modules-2/files-2.1/org.bouncycastle/bcpkix-jdk15on/1.56/4648af70268b6fdb24674fb1fd7c1fcc73db1231/bcpkix-jdk15on-1.56.jar:/Users/z002j8f/.gradle/caches/modules-2/files-2.1/com.jcraft/jsch/0.1.54/da3584329a263616e277e15462b387addd1b208d/jsch-0.1.54.jar:/Users/z002j8f/.gradle/caches/modules-2/files-2.1/com.jcraft/jzlib/1.1.1/a1551373315ffc2f96130a0e5704f74e151777ba/jzlib-1.1.1.jar:/Users/z002j8f/.gradle/caches/modules-2/files-2.1/com.googlecode.javaewah/JavaEWAH/1.1.6/94ad16d728b374d65bd897625f3fbb3da223a2b6/JavaEWAH-1.1.6.jar:/Users/z002j8f/.gradle/caches/modules-2/files-2.1/org.apache.httpcomponents/httpclient/4.5.5/1603dfd56ebcd583ccdf337b6c3984ac55d89e58/httpclient-4.5.5.jar:/Users/z002j8f/.gradle/caches/modules-2/files-2.1/ch.qos.logback/logback-classic/1.2.3/7c4f3c474fb2c041d8028740440937705ebb473a/logback-classic-1.2.3.jar:/Users/z002j8f/.gradle/caches/modules-2/files-2.1/org.apache.logging.log4j/log4j-to-slf4j/2.10.0/f7e631ccf49cfc0aefa4a2a728da7d374c05bd3c/log4j-to-slf4j-2.10.0.jar:/Users/z002j8f/.gradle/caches/modules-2/files-2.1/org.slf4j/jul-to-slf4j/1.7.25/af5364cd6679bfffb114f0dec8a157aaa283b76/jul-to-slf4j-1.7.25.jar:/Users/z002j8f/.gradle/caches/modules-2/files-2.1/org.slf4j/slf4j-api/1.7.25/da76ca59f6a57ee3102f8f9bd9cee742973efa8a/slf4j-api-1.7.25.jar:/Users/z002j8f/.gradle/caches/modules-2/files-2.1/org.apache.httpcomponents/httpcore/4.4.9/a86ce739e5a7175b4b234c290a00a5fdb80957a0/httpcore-4.4.9.jar:/Users/z002j8f/.gradle/caches/modules-2/files-2.1/net.minidev/json-smart/2.3/7396407491352ce4fa30de92efb158adb76b5b/json-smart-2.3.jar:/Users/z002j8f/.gradle/caches/modules-2/files-2.1/net.bytebuddy/byte-buddy/1.7.11/f02857a4e2c66ccbe7aaad6100a0a6c461bce9b3/byte-buddy-1.7.11.jar:/Users/z002j8f/.gradle/caches/modules-2/files-2.1/net.bytebuddy/byte-buddy-agent/1.7.11/b425a8933ca07edd03c6dbc8bc3b595fba9780de/byte-buddy-agent-1.7.11.jar:/Users/z002j8f/.gradle/caches/modules-2/files-2.1/org.objenesis/objenesis/2.6/639033469776fd37c08358c6b92a4761feb2af4b/objenesis-2.6.jar:/Users/z002j8f/.gradle/caches/modules-2/files-2.1/com.vaadin.external.google/android-json/0.0.20131108.vaadin1/fa26d351fe62a6a17f5cda1287c1c6110dec413f/android-json-0.0.20131108.vaadin1.jar:/Users/z002j8f/.gradle/caches/modules-2/files-2.1/org.springframework/spring-jcl/5.0.6.RELEASE/295ee4e8657e9c1fd327735c01d5fbce339cc44d/spring-jcl-5.0.6.RELEASE.jar:/Users/z002j8f/.gradle/caches/modules-2/files-2.1/com.fasterxml.jackson.core/jackson-core/2.9.3/ea9b6fc7bc3ccba9777b0827091f9aa1f8580371/jackson-core-2.9.3.jar:/Users/z002j8f/.gradle/caches/modules-2/files-2.1/org.hdrhistogram/HdrHistogram/2.1.10/9e1ac84eed220281841b75e72fb9de5a297fbf04/HdrHistogram-2.1.10.jar:/Users/z002j8f/.gradle/caches/modules-2/files-2.1/org.latencyutils/LatencyUtils/2.0.3/769c0b82cb2421c8256300e907298a9410a2a3d3/LatencyUtils-2.0.3.jar:/Users/z002j8f/.gradle/caches/modules-2/files-2.1/org.bouncycastle/bcprov-jdk15on/1.56/a153c6f9744a3e9dd6feab5e210e1c9861362ec7/bcprov-jdk15on-1.56.jar:/Users/z002j8f/.gradle/caches/modules-2/files-2.1/commons-codec/commons-codec/1.11/3acb4705652e16236558f0f4f2192cc33c3bd189/commons-codec-1.11.jar:/Users/z002j8f/.gradle/caches/modules-2/files-2.1/net.minidev/accessors-smart/1.2/c592b500269bfde36096641b01238a8350f8aa31/accessors-smart-1.2.jar:/Users/z002j8f/.gradle/caches/modules-2/files-2.1/ch.qos.logback/logback-core/1.2.3/864344400c3d4d92dfeb0a305dc87d953677c03c/logback-core-1.2.3.jar:/Users/z002j8f/.gradle/caches/modules-2/files-2.1/org.apache.logging.log4j/log4j-api/2.10.0/fec5797a55b786184a537abd39c3fa1449d752d6/log4j-api-2.10.0.jar:/Users/z002j8f/.gradle/caches/modules-2/files-2.1/org.ow2.asm/asm/5.0.4/da08b8cce7bbf903602a25a3a163ae252435795/asm-5.0.4.jar, user.name=z002j8f, java.vm.specification.version=1.8, sun.java.command=worker.org.gradle.process.internal.worker.GradleWorkerMain 'Gradle Test Executor 8', java.home=/Library/Java/JavaVirtualMachines/jdk1.8.0_101.jdk/Contents/Home/jre, sun.arch.data.model=64, user.language=en, java.specification.vendor=Oracle Corporation, awt.toolkit=sun.lwawt.macosx.LWCToolkit, java.vm.info=mixed mode, java.version=1.8.0_101, java.ext.dirs=/Users/z002j8f/Library/Java/Extensions:/Library/Java/JavaVirtualMachines/jdk1.8.0_101.jdk/Contents/Home/jre/lib/ext:/Library/Java/Extensions:/Network/Library/Java/Extensions:/System/Library/Java/Extensions:/usr/lib/java, sun.boot.class.path=/Library/Java/JavaVirtualMachines/jdk1.8.0_101.jdk/Contents/Home/jre/lib/resources.jar:/Library/Java/JavaVirtualMachines/jdk1.8.0_101.jdk/Contents/Home/jre/lib/rt.jar:/Library/Java/JavaVirtualMachines/jdk1.8.0_101.jdk/Contents/Home/jre/lib/sunrsasign.jar:/Library/Java/JavaVirtualMachines/jdk1.8.0_101.jdk/Contents/Home/jre/lib/jsse.jar:/Library/Java/JavaVirtualMachines/jdk1.8.0_101.jdk/Contents/Home/jre/lib/jce.jar:/Library/Java/JavaVirtualMachines/jdk1.8.0_101.jdk/Contents/Home/jre/lib/charsets.jar:/Library/Java/JavaVirtualMachines/jdk1.8.0_101.jdk/Contents/Home/jre/lib/jfr.jar:/Library/Java/JavaVirtualMachines/jdk1.8.0_101.jdk/Contents/Home/jre/classes, java.vendor=Oracle Corporation, org.gradle.test.worker=8, file.separator=/, java.vendor.url.bug=http://bugreport.sun.com/bugreport/, sun.io.unicode.encoding=UnicodeBig, sun.cpu.endian=little, sun.cpu.isalist=}}, SystemEnvironmentPropertySource@210496599 {name='systemEnvironment', properties={PATH=/Users/z002j8f/.nvm/versions/node/v4.4.2/bin:/usr/local/bin:/usr/bin:/bin:/usr/sbin:/sbin:/bin:/Library/apache-ant-1.9.7//bin, APP_NAME_26837=Gradle, JAVA_ARCH=x86_64, MANPATH=/Users/z002j8f/.nvm/versions/io.js/v3.3.1/share/man:/usr/local/share/man:/usr/share/man:/Library/Developer/CommandLineTools/usr/share/man, APP_ICON_26837=/Users/z002j8f/IdeaProjects/EmployeeDashboard/configurationServer/media/gradle.icns, TERM=xterm-256color, COMMAND_MODE=unix2003, ANT_HOME=/Library/apache-ant-1.9.7/, JAVA_MAIN_CLASS_26837=org.gradle.wrapper.GradleWrapperMain, LOGNAME=z002j8f, NVM_NODEJS_ORG_MIRROR=https://nodejs.org/dist, PWD=/Users/z002j8f/IdeaProjects/EmployeeDashboard/configurationServer, XPC_SERVICE_NAME=0, NVM_CD_FLAGS=, NVM_DIR=/Users/z002j8f/.nvm, SHELL=/bin/bash, NVM_PATH=/Users/z002j8f/.nvm/versions/io.js/v3.3.1/lib/node, CATALINA_HOME=/usr/local/tomcat/, OLDPWD=/Users/z002j8f/IdeaProjects/EmployeeDashboard/configurationServer, USER=z002j8f, JAVA_MAIN_CLASS_26850=worker.org.gradle.process.internal.worker.GradleWorkerMain, TMPDIR=/var/folders/xy/4db60dn55nj4nkhs05vnjjjjqrjncr/T/, SSH_AUTH_SOCK=/private/tmp/com.apple.launchd.KTmU2wWCy4/Listeners, XPC_FLAGS=0x0, NVM_IOJS_ORG_MIRROR=https://iojs.org/dist, __CF_USER_TEXT_ENCODING=0x6F88D598:0x0:0x0, Apple_PubSub_Socket_Render=/private/tmp/com.apple.launchd.jlTU4C2yze/Render, com.apple.java.jvmTask=CommandLine, LC_CTYPE=en_US.UTF-8, NVM_BIN=/Users/z002j8f/.nvm/versions/io.js/v3.3.1/bin, SHLVL=1, HOME=/Users/z002j8f}}]
16:22:06.124 [Test worker] DEBUG org.springframework.test.context.support.TestPropertySourceUtils - Adding inlined properties to environment: {spring.jmx.enabled=false, org.springframework.boot.test.context.SpringBootTestContextBootstrapper=true, server.port=-1}
16:22:06.125 [Test worker] DEBUG org.springframework.core.env.StandardEnvironment - Adding PropertySource 'Inlined Test Properties' with highest search precedence
2018-06-08 16:22:06.418  INFO 26850 --- [    Test worker] s.c.a.AnnotationConfigApplicationContext : Refreshing org.springframework.context.annotation.AnnotationConfigApplicationContext@1ddbdf64: startup date [Fri Jun 08 16:22:06 IST 2018]; root of context hierarchy
2018-06-08 16:22:06.660  INFO 26850 --- [    Test worker] trationDelegate$BeanPostProcessorChecker : Bean 'configurationPropertiesRebinderAutoConfiguration' of type [org.springframework.cloud.autoconfigure.ConfigurationPropertiesRebinderAutoConfiguration$$EnhancerBySpringCGLIB$$f5985002] is not eligible for getting processed by all BeanPostProcessors (for example: not eligible for auto-proxying)

  .   ____          _            __ _ _
 /\\ / ___'_ __ _ _(_)_ __  __ _ \ \ \ \
( ( )\___ | '_ | '_| | '_ \/ _` | \ \ \ \
 \\/  ___)| |_)| | | | | || (_| |  ) ) ) )
  '  |____| .__|_| |_|_| |_\__, | / / / /
 =========|_|==============|___/=/_/_/_/
 :: Spring Boot ::        (v2.0.2.RELEASE)

2018-06-08 16:22:06.858  INFO 26850 --- [    Test worker] c.e.s.c.ConfigurationApplicationTests    : The following profiles are active: native
2018-06-08 16:22:06.864  INFO 26850 --- [    Test worker] o.s.w.c.s.GenericWebApplicationContext   : Refreshing org.springframework.web.context.support.GenericWebApplicationContext@75bf2dbb: startup date [Fri Jun 08 16:22:06 IST 2018]; parent: org.springframework.context.annotation.AnnotationConfigApplicationContext@1ddbdf64
2018-06-08 16:22:07.637  INFO 26850 --- [    Test worker] o.s.cloud.context.scope.GenericScope     : BeanFactory id=1c6dc8af-a7e5-3d4d-95b4-c0fe52698bf2
2018-06-08 16:22:07.723  INFO 26850 --- [    Test worker] trationDelegate$BeanPostProcessorChecker : Bean 'org.springframework.cloud.autoconfigure.ConfigurationPropertiesRebinderAutoConfiguration' of type [org.springframework.cloud.autoconfigure.ConfigurationPropertiesRebinderAutoConfiguration$$EnhancerBySpringCGLIB$$f5985002] is not eligible for getting processed by all BeanPostProcessors (for example: not eligible for auto-proxying)
2018-06-08 16:22:08.069  INFO 26850 --- [    Test worker] o.s.w.s.handler.SimpleUrlHandlerMapping  : Mapped URL path [/**/favicon.ico] onto handler of type [class org.springframework.web.servlet.resource.ResourceHttpRequestHandler]
2018-06-08 16:22:08.281  INFO 26850 --- [    Test worker] s.w.s.m.m.a.RequestMappingHandlerAdapter : Looking for @ControllerAdvice: org.springframework.web.context.support.GenericWebApplicationContext@75bf2dbb: startup date [Fri Jun 08 16:22:06 IST 2018]; parent: org.springframework.context.annotation.AnnotationConfigApplicationContext@1ddbdf64
2018-06-08 16:22:08.348  INFO 26850 --- [    Test worker] s.w.s.m.m.a.RequestMappingHandlerMapping : Mapped "{[/error]}" onto public org.springframework.http.ResponseEntity<java.util.Map<java.lang.String, java.lang.Object>> org.springframework.boot.autoconfigure.web.servlet.error.BasicErrorController.error(javax.servlet.http.HttpServletRequest)
2018-06-08 16:22:08.349  INFO 26850 --- [    Test worker] s.w.s.m.m.a.RequestMappingHandlerMapping : Mapped "{[/error],produces=[text/html]}" onto public org.springframework.web.servlet.ModelAndView org.springframework.boot.autoconfigure.web.servlet.error.BasicErrorController.errorHtml(javax.servlet.http.HttpServletRequest,javax.servlet.http.HttpServletResponse)
2018-06-08 16:22:08.357  INFO 26850 --- [    Test worker] s.w.s.m.m.a.RequestMappingHandlerMapping : Mapped "{[/encrypt],methods=[POST]}" onto public java.lang.String org.springframework.cloud.config.server.encryption.EncryptionController.encrypt(java.lang.String,org.springframework.http.MediaType)
2018-06-08 16:22:08.358  INFO 26850 --- [    Test worker] s.w.s.m.m.a.RequestMappingHandlerMapping : Mapped "{[/encrypt/{name}/{profiles}],methods=[POST]}" onto public java.lang.String org.springframework.cloud.config.server.encryption.EncryptionController.encrypt(java.lang.String,java.lang.String,java.lang.String,org.springframework.http.MediaType)
2018-06-08 16:22:08.358  INFO 26850 --- [    Test worker] s.w.s.m.m.a.RequestMappingHandlerMapping : Mapped "{[/decrypt/{name}/{profiles}],methods=[POST]}" onto public java.lang.String org.springframework.cloud.config.server.encryption.EncryptionController.decrypt(java.lang.String,java.lang.String,java.lang.String,org.springframework.http.MediaType)
2018-06-08 16:22:08.358  INFO 26850 --- [    Test worker] s.w.s.m.m.a.RequestMappingHandlerMapping : Mapped "{[/decrypt],methods=[POST]}" onto public java.lang.String org.springframework.cloud.config.server.encryption.EncryptionController.decrypt(java.lang.String,org.springframework.http.MediaType)
2018-06-08 16:22:08.359  INFO 26850 --- [    Test worker] s.w.s.m.m.a.RequestMappingHandlerMapping : Mapped "{[/encrypt/status],methods=[GET]}" onto public java.util.Map<java.lang.String, java.lang.Object> org.springframework.cloud.config.server.encryption.EncryptionController.status()
2018-06-08 16:22:08.359  INFO 26850 --- [    Test worker] s.w.s.m.m.a.RequestMappingHandlerMapping : Mapped "{[/key],methods=[GET]}" onto public java.lang.String org.springframework.cloud.config.server.encryption.EncryptionController.getPublicKey()
2018-06-08 16:22:08.359  INFO 26850 --- [    Test worker] s.w.s.m.m.a.RequestMappingHandlerMapping : Mapped "{[/key/{name}/{profiles}],methods=[GET]}" onto public java.lang.String org.springframework.cloud.config.server.encryption.EncryptionController.getPublicKey(java.lang.String,java.lang.String)
2018-06-08 16:22:08.365  INFO 26850 --- [    Test worker] s.w.s.m.m.a.RequestMappingHandlerMapping : Mapped "{[/{name}-{profiles}.properties],methods=[GET]}" onto public org.springframework.http.ResponseEntity<java.lang.String> org.springframework.cloud.config.server.environment.EnvironmentController.properties(java.lang.String,java.lang.String,boolean) throws java.io.IOException
2018-06-08 16:22:08.366  INFO 26850 --- [    Test worker] s.w.s.m.m.a.RequestMappingHandlerMapping : Mapped "{[/{name}-{profiles}.yml || /{name}-{profiles}.yaml],methods=[GET]}" onto public org.springframework.http.ResponseEntity<java.lang.String> org.springframework.cloud.config.server.environment.EnvironmentController.yaml(java.lang.String,java.lang.String,boolean) throws java.lang.Exception
2018-06-08 16:22:08.366  INFO 26850 --- [    Test worker] s.w.s.m.m.a.RequestMappingHandlerMapping : Mapped "{[/{name}/{profiles:.*[^-].*}],methods=[GET]}" onto public org.springframework.cloud.config.environment.Environment org.springframework.cloud.config.server.environment.EnvironmentController.defaultLabel(java.lang.String,java.lang.String)
2018-06-08 16:22:08.367  INFO 26850 --- [    Test worker] s.w.s.m.m.a.RequestMappingHandlerMapping : Mapped "{[/{name}/{profiles}/{label:.*}],methods=[GET]}" onto public org.springframework.cloud.config.environment.Environment org.springframework.cloud.config.server.environment.EnvironmentController.labelled(java.lang.String,java.lang.String,java.lang.String)
2018-06-08 16:22:08.367  INFO 26850 --- [    Test worker] s.w.s.m.m.a.RequestMappingHandlerMapping : Mapped "{[/{label}/{name}-{profiles}.properties],methods=[GET]}" onto public org.springframework.http.ResponseEntity<java.lang.String> org.springframework.cloud.config.server.environment.EnvironmentController.labelledProperties(java.lang.String,java.lang.String,java.lang.String,boolean) throws java.io.IOException
2018-06-08 16:22:08.367  INFO 26850 --- [    Test worker] s.w.s.m.m.a.RequestMappingHandlerMapping : Mapped "{[/{name}-{profiles}.json],methods=[GET]}" onto public org.springframework.http.ResponseEntity<java.lang.String> org.springframework.cloud.config.server.environment.EnvironmentController.jsonProperties(java.lang.String,java.lang.String,boolean) throws java.lang.Exception
2018-06-08 16:22:08.368  INFO 26850 --- [    Test worker] s.w.s.m.m.a.RequestMappingHandlerMapping : Mapped "{[/{label}/{name}-{profiles}.json],methods=[GET]}" onto public org.springframework.http.ResponseEntity<java.lang.String> org.springframework.cloud.config.server.environment.EnvironmentController.labelledJsonProperties(java.lang.String,java.lang.String,java.lang.String,boolean) throws java.lang.Exception
2018-06-08 16:22:08.368  INFO 26850 --- [    Test worker] s.w.s.m.m.a.RequestMappingHandlerMapping : Mapped "{[/{label}/{name}-{profiles}.yml || /{label}/{name}-{profiles}.yaml],methods=[GET]}" onto public org.springframework.http.ResponseEntity<java.lang.String> org.springframework.cloud.config.server.environment.EnvironmentController.labelledYaml(java.lang.String,java.lang.String,java.lang.String,boolean) throws java.lang.Exception
2018-06-08 16:22:08.372  INFO 26850 --- [    Test worker] s.w.s.m.m.a.RequestMappingHandlerMapping : Mapped "{[/{name}/{profile}/**],methods=[GET],params=[useDefaultLabel]}" onto public java.lang.String org.springframework.cloud.config.server.resource.ResourceController.retrieve(java.lang.String,java.lang.String,javax.servlet.http.HttpServletRequest,boolean) throws java.io.IOException
2018-06-08 16:22:08.372  INFO 26850 --- [    Test worker] s.w.s.m.m.a.RequestMappingHandlerMapping : Mapped "{[/{name}/{profile}/{label}/**],methods=[GET]}" onto public java.lang.String org.springframework.cloud.config.server.resource.ResourceController.retrieve(java.lang.String,java.lang.String,java.lang.String,javax.servlet.http.HttpServletRequest,boolean) throws java.io.IOException
2018-06-08 16:22:08.372  INFO 26850 --- [    Test worker] s.w.s.m.m.a.RequestMappingHandlerMapping : Mapped "{[/{name}/{profile}/{label}/**],methods=[GET],produces=[application/octet-stream]}" onto public synchronized byte[] org.springframework.cloud.config.server.resource.ResourceController.binary(java.lang.String,java.lang.String,java.lang.String,javax.servlet.http.HttpServletRequest) throws java.io.IOException
2018-06-08 16:22:08.398  INFO 26850 --- [    Test worker] o.s.w.s.handler.SimpleUrlHandlerMapping  : Mapped URL path [/webjars/**] onto handler of type [class org.springframework.web.servlet.resource.ResourceHttpRequestHandler]
2018-06-08 16:22:08.398  INFO 26850 --- [    Test worker] o.s.w.s.handler.SimpleUrlHandlerMapping  : Mapped URL path [/**] onto handler of type [class org.springframework.web.servlet.resource.ResourceHttpRequestHandler]
2018-06-08 16:22:09.245  INFO 26850 --- [    Test worker] o.s.s.web.DefaultSecurityFilterChain     : Creating filter chain: org.springframework.security.web.util.matcher.AnyRequestMatcher@1, [org.springframework.security.web.context.request.async.WebAsyncManagerIntegrationFilter@143694d6, org.springframework.security.web.context.SecurityContextPersistenceFilter@7229f2f8, org.springframework.security.web.header.HeaderWriterFilter@af2b280, org.springframework.security.web.csrf.CsrfFilter@2cd633d2, org.springframework.security.web.authentication.logout.LogoutFilter@5151887d, org.springframework.security.web.authentication.UsernamePasswordAuthenticationFilter@2a9b552a, org.springframework.security.web.authentication.ui.DefaultLoginPageGeneratingFilter@3095084d, org.springframework.security.web.authentication.www.BasicAuthenticationFilter@55ede37, org.springframework.security.web.savedrequest.RequestCacheAwareFilter@21a51a46, org.springframework.security.web.servletapi.SecurityContextHolderAwareRequestFilter@1161367d, org.springframework.security.web.authentication.AnonymousAuthenticationFilter@59b1f499, org.springframework.security.web.session.SessionManagementFilter@57fec700, org.springframework.security.web.access.ExceptionTranslationFilter@4f9ee536, org.springframework.security.web.access.intercept.FilterSecurityInterceptor@27c33805]
2018-06-08 16:22:09.565  INFO 26850 --- [    Test worker] o.s.b.a.e.web.EndpointLinksResolver      : Exposing 2 endpoint(s) beneath base path '/actuator'
2018-06-08 16:22:09.574  INFO 26850 --- [    Test worker] s.b.a.e.w.s.WebMvcEndpointHandlerMapping : Mapped "{[/actuator/health],methods=[GET],produces=[application/vnd.spring-boot.actuator.v2+json || application/json]}" onto public java.lang.Object org.springframework.boot.actuate.endpoint.web.servlet.AbstractWebMvcEndpointHandlerMapping$OperationHandler.handle(javax.servlet.http.HttpServletRequest,java.util.Map<java.lang.String, java.lang.String>)
2018-06-08 16:22:09.575  INFO 26850 --- [    Test worker] s.b.a.e.w.s.WebMvcEndpointHandlerMapping : Mapped "{[/actuator/info],methods=[GET],produces=[application/vnd.spring-boot.actuator.v2+json || application/json]}" onto public java.lang.Object org.springframework.boot.actuate.endpoint.web.servlet.AbstractWebMvcEndpointHandlerMapping$OperationHandler.handle(javax.servlet.http.HttpServletRequest,java.util.Map<java.lang.String, java.lang.String>)
2018-06-08 16:22:09.575  INFO 26850 --- [    Test worker] s.b.a.e.w.s.WebMvcEndpointHandlerMapping : Mapped "{[/actuator],methods=[GET],produces=[application/vnd.spring-boot.actuator.v2+json || application/json]}" onto protected java.util.Map<java.lang.String, java.util.Map<java.lang.String, org.springframework.boot.actuate.endpoint.web.Link>> org.springframework.boot.actuate.endpoint.web.servlet.WebMvcEndpointHandlerMapping.links(javax.servlet.http.HttpServletRequest,javax.servlet.http.HttpServletResponse)
2018-06-08 16:22:09.634  INFO 26850 --- [    Test worker] c.e.s.c.ConfigurationApplicationTests    : Started ConfigurationApplicationTests in 3.501 seconds (JVM running for 4.375)
]]></system-out>
    <system-err><![CDATA[]]></system-err>
</testsuite>
